update-alternatives 2016-05-07 00:30:27: run with --quiet --install /usr/bin/awk awk /usr/bin/mawk 5 --slave /usr/share/man/man1/awk.1.gz awk.1.gz /usr/share/man/man1/mawk.1.gz --slave /usr/bin/nawk nawk /usr/bin/mawk --slave /usr/share/man/man1/nawk.1.gz nawk.1.gz /usr/share/man/man1/mawk.1.gz
update-alternatives 2016-05-07 00:30:27: link group awk updated to point to /usr/bin/mawk
update-alternatives 2016-05-07 00:30:53: run with --quiet --install /usr/bin/awk awk /usr/bin/mawk 5 --slave /usr/share/man/man1/awk.1.gz awk.1.gz /usr/share/man/man1/mawk.1.gz --slave /usr/bin/nawk nawk /usr/bin/mawk --slave /usr/share/man/man1/nawk.1.gz nawk.1.gz /usr/share/man/man1/mawk.1.gz
update-alternatives 2016-05-07 00:30:56: run with --install /usr/sbin/rmt rmt /usr/sbin/rmt-tar 50 --slave /usr/share/man/man8/rmt.8.gz rmt.8.gz /usr/share/man/man8/rmt-tar.8.gz
update-alternatives 2016-05-07 00:30:56: link group rmt updated to point to /usr/sbin/rmt-tar
update-alternatives 2016-05-07 00:30:58: run with --install /usr/share/man/man7/builtins.7.gz builtins.7.gz /usr/share/man/man7/bash-builtins.7.gz 10
update-alternatives 2016-05-07 00:30:58: link group builtins.7.gz updated to point to /usr/share/man/man7/bash-builtins.7.gz
update-alternatives 2016-05-07 00:31:00: run with --install /usr/bin/pager pager /bin/more 50 --slave /usr/share/man/man1/pager.1.gz pager.1.gz /usr/share/man/man1/more.1.gz
update-alternatives 2016-05-07 00:31:00: link group pager updated to point to /bin/more
update-alternatives 2016-05-07 00:31:00: run with --install /usr/bin/pager pager /usr/bin/pg 10 --slave /usr/share/man/man1/pager.1.gz pager.1.gz /usr/share/man/man1/pg.1.gz
update-alternatives 2016-05-07 00:31:00: run with --install /usr/bin/w w /usr/bin/w.procps 50 --slave /usr/share/man/man1/w.1.gz w.1.gz /usr/share/man/man1/w.procps.1.gz
update-alternatives 2016-05-07 00:31:00: link group w updated to point to /usr/bin/w.procps
update-alternatives 2016-05-07 00:32:02: run with --install /bin/mt mt /bin/mt-gnu 10 --slave /usr/share/man/man1/mt.1.gz mt.1.gz /usr/share/man/man1/mt-gnu.1.gz
update-alternatives 2016-05-07 00:32:02: link group mt updated to point to /bin/mt-gnu
update-alternatives 2016-05-07 00:32:02: run with --quiet --install /usr/bin/pager pager /bin/less 77 --slave /usr/share/man/man1/pager.1.gz pager.1.gz /usr/share/man/man1/less.1.gz
update-alternatives 2016-05-07 00:32:02: link group pager updated to point to /bin/less
update-alternatives 2016-05-07 00:32:02: run with --quiet --remove pager /usr/bin/less
update-alternatives 2016-05-07 00:32:03: run with --quiet --install /usr/bin/pager pager /bin/less 77 --slave /usr/share/man/man1/pager.1.gz pager.1.gz /usr/share/man/man1/less.1.gz
update-alternatives 2016-05-07 00:32:03: run with --quiet --remove pager /usr/bin/less
update-alternatives 2016-05-07 00:32:04: run with --install /bin/nc nc /bin/nc.openbsd 50 --slave /bin/netcat netcat /bin/nc.openbsd --slave /usr/share/man/man1/nc.1.gz nc.1.gz /usr/share/man/man1/nc_openbsd.1.gz --slave /usr/share/man/man1/netcat.1.gz netcat.1.gz /usr/share/man/man1/nc_openbsd.1.gz
update-alternatives 2016-05-07 00:32:04: link group nc updated to point to /bin/nc.openbsd
update-alternatives 2016-05-07 00:32:06: run with --install /usr/bin/rview rview /usr/bin/vim.tiny 10
update-alternatives 2016-05-07 00:32:06: link group rview updated to point to /usr/bin/vim.tiny
update-alternatives 2016-05-07 00:32:06: run with --install /usr/bin/vi vi /usr/bin/vim.tiny 10 --slave /usr/share/man/fr/man1/vi.1.gz vi.fr.1.gz /usr/share/man/fr/man1/vim.1.gz --slave /usr/share/man/it/man1/vi.1.gz vi.it.1.gz /usr/share/man/it/man1/vim.1.gz --slave /usr/share/man/pl/man1/vi.1.gz vi.pl.1.gz /usr/share/man/pl/man1/vim.1.gz --slave /usr/share/man/ru/man1/vi.1.gz vi.ru.1.gz /usr/share/man/ru/man1/vim.1.gz --slave /usr/share/man/ja/man1/vi.1.gz vi.ja.1.gz /usr/share/man/ja/man1/vim.1.gz --slave /usr/share/man/man1/vi.1.gz vi.1.gz /usr/share/man/man1/vim.1.gz
update-alternatives 2016-05-07 00:32:06: link group vi updated to point to /usr/bin/vim.tiny
update-alternatives 2016-05-07 00:32:06: run with --install /usr/bin/view view /usr/bin/vim.tiny 10 --slave /usr/share/man/fr/man1/view.1.gz view.fr.1.gz /usr/share/man/fr/man1/vim.1.gz --slave /usr/share/man/it/man1/view.1.gz view.it.1.gz /usr/share/man/it/man1/vim.1.gz --slave /usr/share/man/pl/man1/view.1.gz view.pl.1.gz /usr/share/man/pl/man1/vim.1.gz --slave /usr/share/man/ru/man1/view.1.gz view.ru.1.gz /usr/share/man/ru/man1/vim.1.gz --slave /usr/share/man/ja/man1/view.1.gz view.ja.1.gz /usr/share/man/ja/man1/vim.1.gz --slave /usr/share/man/man1/view.1.gz view.1.gz /usr/share/man/man1/vim.1.gz
update-alternatives 2016-05-07 00:32:06: link group view updated to point to /usr/bin/vim.tiny
update-alternatives 2016-05-07 00:32:06: run with --install /usr/bin/ex ex /usr/bin/vim.tiny 10 --slave /usr/share/man/fr/man1/ex.1.gz ex.fr.1.gz /usr/share/man/fr/man1/vim.1.gz --slave /usr/share/man/it/man1/ex.1.gz ex.it.1.gz /usr/share/man/it/man1/vim.1.gz --slave /usr/share/man/pl/man1/ex.1.gz ex.pl.1.gz /usr/share/man/pl/man1/vim.1.gz --slave /usr/share/man/ru/man1/ex.1.gz ex.ru.1.gz /usr/share/man/ru/man1/vim.1.gz --slave /usr/share/man/ja/man1/ex.1.gz ex.ja.1.gz /usr/share/man/ja/man1/vim.1.gz --slave /usr/share/man/man1/ex.1.gz ex.1.gz /usr/share/man/man1/vim.1.gz
update-alternatives 2016-05-07 00:32:06: link group ex updated to point to /usr/bin/vim.tiny
update-alternatives 2016-05-07 00:32:06: run with --install /usr/bin/editor editor /usr/bin/vim.tiny 10 --slave /usr/share/man/fr/man1/editor.1.gz editor.fr.1.gz /usr/share/man/fr/man1/vim.1.gz --slave /usr/share/man/it/man1/editor.1.gz editor.it.1.gz /usr/share/man/it/man1/vim.1.gz --slave /usr/share/man/pl/man1/editor.1.gz editor.pl.1.gz /usr/share/man/pl/man1/vim.1.gz --slave /usr/share/man/ru/man1/editor.1.gz editor.ru.1.gz /usr/share/man/ru/man1/vim.1.gz --slave /usr/share/man/ja/man1/editor.1.gz editor.ja.1.gz /usr/share/man/ja/man1/vim.1.gz --slave /usr/share/man/man1/editor.1.gz editor.1.gz /usr/share/man/man1/vim.1.gz
update-alternatives 2016-05-07 00:32:06: link group editor updated to point to /usr/bin/vim.tiny
update-alternatives 2016-05-07 00:32:07: run with --install /usr/bin/vim vim /usr/bin/vim.basic 30
update-alternatives 2016-05-07 00:32:07: link group vim updated to point to /usr/bin/vim.basic
update-alternatives 2016-05-07 00:32:07: run with --install /usr/bin/vimdiff vimdiff /usr/bin/vim.basic 30
update-alternatives 2016-05-07 00:32:07: link group vimdiff updated to point to /usr/bin/vim.basic
update-alternatives 2016-05-07 00:32:07: run with --install /usr/bin/rvim rvim /usr/bin/vim.basic 30
update-alternatives 2016-05-07 00:32:07: link group rvim updated to point to /usr/bin/vim.basic
update-alternatives 2016-05-07 00:32:07: run with --install /usr/bin/rview rview /usr/bin/vim.basic 30
update-alternatives 2016-05-07 00:32:07: link group rview updated to point to /usr/bin/vim.basic
update-alternatives 2016-05-07 00:32:07: run with --install /usr/bin/vi vi /usr/bin/vim.basic 30 --slave /usr/share/man/fr/man1/vi.1.gz vi.fr.1.gz /usr/share/man/fr/man1/vim.1.gz --slave /usr/share/man/it/man1/vi.1.gz vi.it.1.gz /usr/share/man/it/man1/vim.1.gz --slave /usr/share/man/pl/man1/vi.1.gz vi.pl.1.gz /usr/share/man/pl/man1/vim.1.gz --slave /usr/share/man/ru/man1/vi.1.gz vi.ru.1.gz /usr/share/man/ru/man1/vim.1.gz --slave /usr/share/man/ja/man1/vi.1.gz vi.ja.1.gz /usr/share/man/ja/man1/vim.1.gz --slave /usr/share/man/man1/vi.1.gz vi.1.gz /usr/share/man/man1/vim.1.gz
update-alternatives 2016-05-07 00:32:07: link group vi updated to point to /usr/bin/vim.basic
update-alternatives 2016-05-07 00:32:07: run with --install /usr/bin/view view /usr/bin/vim.basic 30 --slave /usr/share/man/fr/man1/view.1.gz view.fr.1.gz /usr/share/man/fr/man1/vim.1.gz --slave /usr/share/man/it/man1/view.1.gz view.it.1.gz /usr/share/man/it/man1/vim.1.gz --slave /usr/share/man/pl/man1/view.1.gz view.pl.1.gz /usr/share/man/pl/man1/vim.1.gz --slave /usr/share/man/ru/man1/view.1.gz view.ru.1.gz /usr/share/man/ru/man1/vim.1.gz --slave /usr/share/man/ja/man1/view.1.gz view.ja.1.gz /usr/share/man/ja/man1/vim.1.gz --slave /usr/share/man/man1/view.1.gz view.1.gz /usr/share/man/man1/vim.1.gz
update-alternatives 2016-05-07 00:32:07: link group view updated to point to /usr/bin/vim.basic
update-alternatives 2016-05-07 00:32:07: run with --install /usr/bin/ex ex /usr/bin/vim.basic 30 --slave /usr/share/man/fr/man1/ex.1.gz ex.fr.1.gz /usr/share/man/fr/man1/vim.1.gz --slave /usr/share/man/it/man1/ex.1.gz ex.it.1.gz /usr/share/man/it/man1/vim.1.gz --slave /usr/share/man/pl/man1/ex.1.gz ex.pl.1.gz /usr/share/man/pl/man1/vim.1.gz --slave /usr/share/man/ru/man1/ex.1.gz ex.ru.1.gz /usr/share/man/ru/man1/vim.1.gz --slave /usr/share/man/ja/man1/ex.1.gz ex.ja.1.gz /usr/share/man/ja/man1/vim.1.gz --slave /usr/share/man/man1/ex.1.gz ex.1.gz /usr/share/man/man1/vim.1.gz
update-alternatives 2016-05-07 00:32:07: link group ex updated to point to /usr/bin/vim.basic
update-alternatives 2016-05-07 00:32:07: run with --install /usr/bin/editor editor /usr/bin/vim.basic 30 --slave /usr/share/man/fr/man1/editor.1.gz editor.fr.1.gz /usr/share/man/fr/man1/vim.1.gz --slave /usr/share/man/it/man1/editor.1.gz editor.it.1.gz /usr/share/man/it/man1/vim.1.gz --slave /usr/share/man/pl/man1/editor.1.gz editor.pl.1.gz /usr/share/man/pl/man1/vim.1.gz --slave /usr/share/man/ru/man1/editor.1.gz editor.ru.1.gz /usr/share/man/ru/man1/vim.1.gz --slave /usr/share/man/ja/man1/editor.1.gz editor.ja.1.gz /usr/share/man/ja/man1/vim.1.gz --slave /usr/share/man/man1/editor.1.gz editor.1.gz /usr/share/man/man1/vim.1.gz
update-alternatives 2016-05-07 00:32:07: link group editor updated to point to /usr/bin/vim.basic
update-alternatives 2016-05-07 00:32:08: run with --install /etc/newt/palette newt-palette /etc/newt/palette.ubuntu 50
update-alternatives 2016-05-07 00:32:08: link group newt-palette updated to point to /etc/newt/palette.ubuntu
update-alternatives 2016-05-07 00:32:08: run with --install /etc/newt/palette newt-palette /etc/newt/palette.original 20
update-alternatives 2016-05-07 00:32:12: run with --quiet --install /usr/bin/rsh rsh /usr/bin/ssh 20 --slave /usr/share/man/man1/rsh.1.gz rsh.1.gz /usr/share/man/man1/ssh.1.gz
update-alternatives 2016-05-07 00:32:12: link group rsh updated to point to /usr/bin/ssh
update-alternatives 2016-05-07 00:32:12: run with --quiet --install /usr/bin/rlogin rlogin /usr/bin/slogin 20 --slave /usr/share/man/man1/rlogin.1.gz rlogin.1.gz /usr/share/man/man1/slogin.1.gz
update-alternatives 2016-05-07 00:32:12: link group rlogin updated to point to /usr/bin/slogin
update-alternatives 2016-05-07 00:32:12: run with --quiet --install /usr/bin/rcp rcp /usr/bin/scp 20 --slave /usr/share/man/man1/rcp.1.gz rcp.1.gz /usr/share/man/man1/scp.1.gz
update-alternatives 2016-05-07 00:32:12: link group rcp updated to point to /usr/bin/scp
update-alternatives 2016-05-07 00:32:14: run with --install /etc/vtrgb vtrgb /etc/console-setup/vtrgb 50
update-alternatives 2016-05-07 00:32:14: link group vtrgb updated to point to /etc/console-setup/vtrgb
update-alternatives 2016-05-07 00:32:14: run with --install /etc/vtrgb vtrgb /etc/console-setup/vtrgb.vga 20
update-alternatives 2016-05-07 00:53:49: run with --install /usr/bin/rename rename /usr/bin/prename 60 --slave /usr/share/man/man1/rename.1.gz rename.1.gz /usr/share/man/man1/prename.1.gz
update-alternatives 2016-05-07 00:53:49: link group rename updated to point to /usr/bin/prename
update-alternatives 2016-05-07 00:54:08: run with --install /usr/bin/telnet telnet /usr/bin/telnet.netkit 100 --slave /usr/share/man/man1/telnet.1.gz telnet.1.gz /usr/share/man/man1/telnet.netkit.1.gz
update-alternatives 2016-05-07 00:54:08: link group telnet updated to point to /usr/bin/telnet.netkit
update-alternatives 2016-05-07 00:54:09: run with --install /usr/lib/libblas.so.3 libblas.so.3 /usr/lib/libblas/libblas.so.3 10
update-alternatives 2016-05-07 00:54:09: link group libblas.so.3 updated to point to /usr/lib/libblas/libblas.so.3
update-alternatives 2016-05-07 00:54:12: run with --install /usr/bin/rename rename /usr/bin/file-rename 70 --slave /usr/share/man/man1/rename.1.gz rename.1.gz /usr/share/man/man1/file-rename.1p.gz
update-alternatives 2016-05-07 00:54:12: link group rename updated to point to /usr/bin/file-rename
update-alternatives 2016-05-07 00:54:13: run with --install /usr/bin/traceroute traceroute /usr/bin/traceroute.db 100 --slave /usr/sbin/traceroute traceroute.sbin /usr/bin/traceroute.db --slave /usr/share/man/man1/traceroute.1.gz traceroute.1.gz /usr/share/man/man1/traceroute.db.1.gz
update-alternatives 2016-05-07 00:54:13: link group traceroute updated to point to /usr/bin/traceroute.db
update-alternatives 2016-05-07 00:54:13: run with --install /usr/bin/traceroute6 traceroute6 /usr/bin/traceroute6.db 100 --slave /usr/share/man/man1/traceroute6.1.gz traceroute6.1.gz /usr/share/man/man1/traceroute6.db.1.gz
update-alternatives 2016-05-07 00:54:13: link group traceroute6 updated to point to /usr/bin/traceroute6.db
update-alternatives 2016-05-07 00:54:13: run with --install /usr/bin/lft lft /usr/bin/lft.db 100 --slave /usr/share/man/man1/lft.1.gz lft.1.gz /usr/share/man/man1/lft.db.1.gz
update-alternatives 2016-05-07 00:54:13: link group lft updated to point to /usr/bin/lft.db
update-alternatives 2016-05-07 00:54:13: run with --install /usr/bin/traceproto traceproto /usr/bin/traceproto.db 100 --slave /usr/share/man/man1/traceproto.1.gz traceproto.1.gz /usr/share/man/man1/traceproto.db.1.gz
update-alternatives 2016-05-07 00:54:13: link group traceproto updated to point to /usr/bin/traceproto.db
update-alternatives 2016-05-07 00:54:13: run with --install /usr/sbin/tcptraceroute tcptraceroute /usr/sbin/tcptraceroute.db 100 --slave /usr/share/man/man8/tcptraceroute.8.gz tcptraceroute.8.gz /usr/share/man/man8/tcptraceroute.db.8.gz
update-alternatives 2016-05-07 00:54:13: link group tcptraceroute updated to point to /usr/sbin/tcptraceroute.db
update-alternatives 2016-12-04 00:43:13: run with --remove builtins.7.gz /usr/share/man/man7/bash-builtins.7.gz
update-alternatives 2016-12-04 00:43:13: link group builtins.7.gz fully removed
update-alternatives 2016-12-04 00:43:25: run with --install /usr/share/man/man7/builtins.7.gz builtins.7.gz /usr/share/man/man7/bash-builtins.7.gz 10
update-alternatives 2016-12-04 00:43:25: link group builtins.7.gz updated to point to /usr/share/man/man7/bash-builtins.7.gz
update-alternatives 2016-12-04 00:48:14: run with --install /usr/bin/pager pager /bin/more 50 --slave /usr/share/man/man1/pager.1.gz pager.1.gz /usr/share/man/man1/more.1.gz
update-alternatives 2016-12-04 00:48:14: run with --install /usr/bin/pager pager /usr/bin/pg 10 --slave /usr/share/man/man1/pager.1.gz pager.1.gz /usr/share/man/man1/pg.1.gz
update-alternatives 2016-12-04 00:48:30: run with --install /usr/sbin/rmt rmt /usr/sbin/rmt-tar 50 --slave /usr/share/man/man8/rmt.8.gz rmt.8.gz /usr/share/man/man8/rmt-tar.8.gz
update-alternatives 2016-12-04 00:53:14: run with --install /usr/bin/w w /usr/bin/w.procps 50 --slave /usr/share/man/man1/w.1.gz w.1.gz /usr/share/man/man1/w.procps.1.gz
update-alternatives 2016-12-04 00:55:14: run with --quiet --remove rlogin /usr/bin/ssh
update-alternatives 2016-12-04 00:55:14: run with --quiet --remove rcp /usr/bin/ssh
update-alternatives 2016-12-04 00:55:25: run with --quiet --install /usr/bin/pager pager /bin/less 77 --slave /usr/share/man/man1/pager.1.gz pager.1.gz /usr/share/man/man1/less.1.gz
update-alternatives 2016-12-04 00:55:25: run with --quiet --remove pager /usr/bin/less
update-alternatives 2016-12-04 00:55:25: run with --quiet --install /usr/bin/pager pager /bin/less 77 --slave /usr/share/man/man1/pager.1.gz pager.1.gz /usr/share/man/man1/less.1.gz
update-alternatives 2016-12-04 00:55:26: run with --quiet --remove pager /usr/bin/less
update-alternatives 2016-12-04 00:55:32: run with --install /usr/bin/vim vim /usr/bin/vim.basic 30
update-alternatives 2016-12-04 00:55:32: run with --install /usr/bin/vimdiff vimdiff /usr/bin/vim.basic 30
update-alternatives 2016-12-04 00:55:32: run with --install /usr/bin/rvim rvim /usr/bin/vim.basic 30
update-alternatives 2016-12-04 00:55:32: run with --install /usr/bin/rview rview /usr/bin/vim.basic 30
update-alternatives 2016-12-04 00:55:33: run with --install /usr/bin/vi vi /usr/bin/vim.basic 30 --slave /usr/share/man/fr/man1/vi.1.gz vi.fr.1.gz /usr/share/man/fr/man1/vim.1.gz --slave /usr/share/man/it/man1/vi.1.gz vi.it.1.gz /usr/share/man/it/man1/vim.1.gz --slave /usr/share/man/pl/man1/vi.1.gz vi.pl.1.gz /usr/share/man/pl/man1/vim.1.gz --slave /usr/share/man/ru/man1/vi.1.gz vi.ru.1.gz /usr/share/man/ru/man1/vim.1.gz --slave /usr/share/man/ja/man1/vi.1.gz vi.ja.1.gz /usr/share/man/ja/man1/vim.1.gz --slave /usr/share/man/man1/vi.1.gz vi.1.gz /usr/share/man/man1/vim.1.gz
update-alternatives 2016-12-04 00:55:33: run with --install /usr/bin/view view /usr/bin/vim.basic 30 --slave /usr/share/man/fr/man1/view.1.gz view.fr.1.gz /usr/share/man/fr/man1/vim.1.gz --slave /usr/share/man/it/man1/view.1.gz view.it.1.gz /usr/share/man/it/man1/vim.1.gz --slave /usr/share/man/pl/man1/view.1.gz view.pl.1.gz /usr/share/man/pl/man1/vim.1.gz --slave /usr/share/man/ru/man1/view.1.gz view.ru.1.gz /usr/share/man/ru/man1/vim.1.gz --slave /usr/share/man/ja/man1/view.1.gz view.ja.1.gz /usr/share/man/ja/man1/vim.1.gz --slave /usr/share/man/man1/view.1.gz view.1.gz /usr/share/man/man1/vim.1.gz
update-alternatives 2016-12-04 00:55:33: run with --install /usr/bin/ex ex /usr/bin/vim.basic 30 --slave /usr/share/man/fr/man1/ex.1.gz ex.fr.1.gz /usr/share/man/fr/man1/vim.1.gz --slave /usr/share/man/it/man1/ex.1.gz ex.it.1.gz /usr/share/man/it/man1/vim.1.gz --slave /usr/share/man/pl/man1/ex.1.gz ex.pl.1.gz /usr/share/man/pl/man1/vim.1.gz --slave /usr/share/man/ru/man1/ex.1.gz ex.ru.1.gz /usr/share/man/ru/man1/vim.1.gz --slave /usr/share/man/ja/man1/ex.1.gz ex.ja.1.gz /usr/share/man/ja/man1/vim.1.gz --slave /usr/share/man/man1/ex.1.gz ex.1.gz /usr/share/man/man1/vim.1.gz
update-alternatives 2016-12-04 00:55:33: run with --install /usr/bin/editor editor /usr/bin/vim.basic 30 --slave /usr/share/man/fr/man1/editor.1.gz editor.fr.1.gz /usr/share/man/fr/man1/vim.1.gz --slave /usr/share/man/it/man1/editor.1.gz editor.it.1.gz /usr/share/man/it/man1/vim.1.gz --slave /usr/share/man/pl/man1/editor.1.gz editor.pl.1.gz /usr/share/man/pl/man1/vim.1.gz --slave /usr/share/man/ru/man1/editor.1.gz editor.ru.1.gz /usr/share/man/ru/man1/vim.1.gz --slave /usr/share/man/ja/man1/editor.1.gz editor.ja.1.gz /usr/share/man/ja/man1/vim.1.gz --slave /usr/share/man/man1/editor.1.gz editor.1.gz /usr/share/man/man1/vim.1.gz
update-alternatives 2016-12-04 00:55:34: run with --install /usr/bin/rview rview /usr/bin/vim.tiny 10
update-alternatives 2016-12-04 00:55:34: run with --install /usr/bin/vi vi /usr/bin/vim.tiny 10 --slave /usr/share/man/fr/man1/vi.1.gz vi.fr.1.gz /usr/share/man/fr/man1/vim.1.gz --slave /usr/share/man/it/man1/vi.1.gz vi.it.1.gz /usr/share/man/it/man1/vim.1.gz --slave /usr/share/man/pl/man1/vi.1.gz vi.pl.1.gz /usr/share/man/pl/man1/vim.1.gz --slave /usr/share/man/ru/man1/vi.1.gz vi.ru.1.gz /usr/share/man/ru/man1/vim.1.gz --slave /usr/share/man/ja/man1/vi.1.gz vi.ja.1.gz /usr/share/man/ja/man1/vim.1.gz --slave /usr/share/man/man1/vi.1.gz vi.1.gz /usr/share/man/man1/vim.1.gz
update-alternatives 2016-12-04 00:55:34: run with --install /usr/bin/view view /usr/bin/vim.tiny 10 --slave /usr/share/man/fr/man1/view.1.gz view.fr.1.gz /usr/share/man/fr/man1/vim.1.gz --slave /usr/share/man/it/man1/view.1.gz view.it.1.gz /usr/share/man/it/man1/vim.1.gz --slave /usr/share/man/pl/man1/view.1.gz view.pl.1.gz /usr/share/man/pl/man1/vim.1.gz --slave /usr/share/man/ru/man1/view.1.gz view.ru.1.gz /usr/share/man/ru/man1/vim.1.gz --slave /usr/share/man/ja/man1/view.1.gz view.ja.1.gz /usr/share/man/ja/man1/vim.1.gz --slave /usr/share/man/man1/view.1.gz view.1.gz /usr/share/man/man1/vim.1.gz
update-alternatives 2016-12-04 00:55:34: run with --install /usr/bin/ex ex /usr/bin/vim.tiny 10 --slave /usr/share/man/fr/man1/ex.1.gz ex.fr.1.gz /usr/share/man/fr/man1/vim.1.gz --slave /usr/share/man/it/man1/ex.1.gz ex.it.1.gz /usr/share/man/it/man1/vim.1.gz --slave /usr/share/man/pl/man1/ex.1.gz ex.pl.1.gz /usr/share/man/pl/man1/vim.1.gz --slave /usr/share/man/ru/man1/ex.1.gz ex.ru.1.gz /usr/share/man/ru/man1/vim.1.gz --slave /usr/share/man/ja/man1/ex.1.gz ex.ja.1.gz /usr/share/man/ja/man1/vim.1.gz --slave /usr/share/man/man1/ex.1.gz ex.1.gz /usr/share/man/man1/vim.1.gz
update-alternatives 2016-12-04 00:55:35: run with --install /usr/bin/editor editor /usr/bin/vim.tiny 10 --slave /usr/share/man/fr/man1/editor.1.gz editor.fr.1.gz /usr/share/man/fr/man1/vim.1.gz --slave /usr/share/man/it/man1/editor.1.gz editor.it.1.gz /usr/share/man/it/man1/vim.1.gz --slave /usr/share/man/pl/man1/editor.1.gz editor.pl.1.gz /usr/share/man/pl/man1/vim.1.gz --slave /usr/share/man/ru/man1/editor.1.gz editor.ru.1.gz /usr/share/man/ru/man1/vim.1.gz --slave /usr/share/man/ja/man1/editor.1.gz editor.ja.1.gz /usr/share/man/ja/man1/vim.1.gz --slave /usr/share/man/man1/editor.1.gz editor.1.gz /usr/share/man/man1/vim.1.gz
update-alternatives 2016-12-04 00:55:51: run with --install /etc/vtrgb vtrgb /etc/console-setup/vtrgb 50
update-alternatives 2016-12-04 00:55:51: run with --install /etc/vtrgb vtrgb /etc/console-setup/vtrgb.vga 20
update-alternatives 2017-02-11 17:18:54: run with --install /usr/bin/pager pager /bin/more 50 --slave /usr/share/man/man1/pager.1.gz pager.1.gz /usr/share/man/man1/more.1.gz
update-alternatives 2017-02-11 17:18:54: run with --install /usr/bin/pager pager /usr/bin/pg 10 --slave /usr/share/man/man1/pager.1.gz pager.1.gz /usr/share/man/man1/pg.1.gz
update-alternatives 2017-02-11 17:29:24: run with --install /usr/bin/w w /usr/bin/w.procps 50 --slave /usr/share/man/man1/w.1.gz w.1.gz /usr/share/man/man1/w.procps.1.gz
update-alternatives 2017-02-11 17:30:30: run with --install /etc/vtrgb vtrgb /etc/console-setup/vtrgb 50
update-alternatives 2017-02-11 17:30:30: run with --install /etc/vtrgb vtrgb /etc/console-setup/vtrgb.vga 20
update-alternatives 2017-07-29 23:58:55: run with --remove builtins.7.gz /usr/share/man/man7/bash-builtins.7.gz
update-alternatives 2017-07-29 23:58:55: link group builtins.7.gz fully removed
update-alternatives 2017-07-29 23:58:56: run with --install /usr/share/man/man7/builtins.7.gz builtins.7.gz /usr/share/man/man7/bash-builtins.7.gz 10
update-alternatives 2017-07-29 23:58:56: link group builtins.7.gz updated to point to /usr/share/man/man7/bash-builtins.7.gz
update-alternatives 2017-07-29 23:59:11: run with --install /usr/bin/pager pager /bin/more 50 --slave /usr/share/man/man1/pager.1.gz pager.1.gz /usr/share/man/man1/more.1.gz
update-alternatives 2017-07-29 23:59:11: run with --install /usr/bin/pager pager /usr/bin/pg 10 --slave /usr/share/man/man1/pager.1.gz pager.1.gz /usr/share/man/man1/pg.1.gz
update-alternatives 2017-07-30 00:00:53: run with --quiet --remove rlogin /usr/bin/ssh
update-alternatives 2017-07-30 00:00:53: run with --quiet --remove rcp /usr/bin/ssh
update-alternatives 2017-07-30 00:00:54: run with --quiet --install /usr/bin/pager pager /bin/less 77 --slave /usr/share/man/man1/pager.1.gz pager.1.gz /usr/share/man/man1/less.1.gz
update-alternatives 2017-07-30 00:00:54: run with --quiet --remove pager /usr/bin/less
update-alternatives 2017-07-30 00:00:54: run with --quiet --install /usr/bin/pager pager /bin/less 77 --slave /usr/share/man/man1/pager.1.gz pager.1.gz /usr/share/man/man1/less.1.gz
update-alternatives 2017-07-30 00:00:54: run with --quiet --remove pager /usr/bin/less
update-alternatives 2017-08-02 23:11:09: run with --install /usr/bin/lzma lzma /usr/bin/xz 20 --slave /usr/share/man/man1/lzma.1.gz lzma.1.gz /usr/share/man/man1/xz.1.gz --slave /usr/bin/unlzma unlzma /usr/bin/unxz --slave /usr/share/man/man1/unlzma.1.gz unlzma.1.gz /usr/share/man/man1/unxz.1.gz --slave /usr/bin/lzcat lzcat /usr/bin/xzcat --slave /usr/share/man/man1/lzcat.1.gz lzcat.1.gz /usr/share/man/man1/xzcat.1.gz --slave /usr/bin/lzmore lzmore /usr/bin/xzmore --slave /usr/share/man/man1/lzmore.1.gz lzmore.1.gz /usr/share/man/man1/xzmore.1.gz --slave /usr/bin/lzless lzless /usr/bin/xzless --slave /usr/share/man/man1/lzless.1.gz lzless.1.gz /usr/share/man/man1/xzless.1.gz --slave /usr/bin/lzdiff lzdiff /usr/bin/xzdiff --slave /usr/share/man/man1/lzdiff.1.gz lzdiff.1.gz /usr/share/man/man1/xzdiff.1.gz --slave /usr/bin/lzcmp lzcmp /usr/bin/xzcmp --slave /usr/share/man/man1/lzcmp.1.gz lzcmp.1.gz /usr/share/man/man1/xzcmp.1.gz --slave /usr/bin/lzgrep lzgrep /usr/bin/xzgrep --slave /usr/share/man/man1/lzgrep.1.gz lzgrep.1.gz /usr/share/man/man1/xzgrep.1.gz --slave /usr/bin/lzegrep lzegrep /usr/bin/xzegrep --slave /usr/share/man/man1/lzegrep.1.gz lzegrep.1.gz /usr/share/man/man1/xzegrep.1.gz --slave /usr/bin/lzfgrep lzfgrep /usr/bin/xzfgrep --slave /usr/share/man/man1/lzfgrep.1.gz lzfgrep.1.gz /usr/share/man/man1/xzfgrep.1.gz
update-alternatives 2017-08-02 23:11:09: link group lzma updated to point to /usr/bin/xz
update-alternatives 2017-08-02 23:18:43: run with --install /usr/bin/pybabel pybabel /usr/bin/pybabel-python2 300
update-alternatives 2017-08-02 23:18:43: link group pybabel updated to point to /usr/bin/pybabel-python2
update-alternatives 2017-08-02 23:18:45: run with --install /usr/bin/pbr pbr /usr/bin/python2-pbr 300
update-alternatives 2017-08-02 23:18:45: link group pbr updated to point to /usr/bin/python2-pbr
update-alternatives 2017-08-02 23:18:48: run with --install /usr/bin/cinder cinder /usr/bin/python2-cinder 300
update-alternatives 2017-08-02 23:18:48: link group cinder updated to point to /usr/bin/python2-cinder
update-alternatives 2017-08-02 23:18:50: run with --install /usr/bin/jsonpointer jsonpointer /usr/bin/python2-jsonpointer 300
update-alternatives 2017-08-02 23:18:50: link group jsonpointer updated to point to /usr/bin/python2-jsonpointer
update-alternatives 2017-08-02 23:18:50: run with --install /usr/bin/jsondiff jsondiff /usr/bin/python2-jsondiff 300
update-alternatives 2017-08-02 23:18:50: link group jsondiff updated to point to /usr/bin/python2-jsondiff
update-alternatives 2017-08-02 23:18:50: run with --install /usr/bin/jsonpatch jsonpatch /usr/bin/python2-jsonpatch 300
update-alternatives 2017-08-02 23:18:50: link group jsonpatch updated to point to /usr/bin/python2-jsonpatch
update-alternatives 2017-08-02 23:18:50: run with --install /usr/bin/jsonschema jsonschema /usr/bin/python2-jsonschema 300
update-alternatives 2017-08-02 23:18:50: link group jsonschema updated to point to /usr/bin/python2-jsonschema
update-alternatives 2017-08-02 23:18:51: run with --install /usr/bin/nova nova /usr/bin/python2-nova 300
update-alternatives 2017-08-02 23:18:51: link group nova updated to point to /usr/bin/python2-nova
update-alternatives 2017-08-02 23:18:51: run with --install /usr/bin/glance glance /usr/bin/python2-glance 300
update-alternatives 2017-08-02 23:18:51: link group glance updated to point to /usr/bin/python2-glance
update-alternatives 2017-08-02 23:18:53: run with --install /usr/bin/rst-buildhtml rst-buildhtml /usr/share/docutils/scripts/python2/rst-buildhtml 30
update-alternatives 2017-08-02 23:18:53: link group rst-buildhtml updated to point to /usr/share/docutils/scripts/python2/rst-buildhtml
update-alternatives 2017-08-02 23:18:53: run with --install /usr/bin/rst2html rst2html /usr/share/docutils/scripts/python2/rst2html 30
update-alternatives 2017-08-02 23:18:53: link group rst2html updated to point to /usr/share/docutils/scripts/python2/rst2html
update-alternatives 2017-08-02 23:18:53: run with --install /usr/bin/rst2latex rst2latex /usr/share/docutils/scripts/python2/rst2latex 30
update-alternatives 2017-08-02 23:18:53: link group rst2latex updated to point to /usr/share/docutils/scripts/python2/rst2latex
update-alternatives 2017-08-02 23:18:54: run with --install /usr/bin/rst2man rst2man /usr/share/docutils/scripts/python2/rst2man 30
update-alternatives 2017-08-02 23:18:54: link group rst2man updated to point to /usr/share/docutils/scripts/python2/rst2man
update-alternatives 2017-08-02 23:18:54: run with --install /usr/bin/rst2odt rst2odt /usr/share/docutils/scripts/python2/rst2odt 30
update-alternatives 2017-08-02 23:18:54: link group rst2odt updated to point to /usr/share/docutils/scripts/python2/rst2odt
update-alternatives 2017-08-02 23:18:54: run with --install /usr/bin/rst2odt_prepstyles rst2odt_prepstyles /usr/share/docutils/scripts/python2/rst2odt_prepstyles 30
update-alternatives 2017-08-02 23:18:54: link group rst2odt_prepstyles updated to point to /usr/share/docutils/scripts/python2/rst2odt_prepstyles
update-alternatives 2017-08-02 23:18:54: run with --install /usr/bin/rst2pseudoxml rst2pseudoxml /usr/share/docutils/scripts/python2/rst2pseudoxml 30
update-alternatives 2017-08-02 23:18:54: link group rst2pseudoxml updated to point to /usr/share/docutils/scripts/python2/rst2pseudoxml
update-alternatives 2017-08-02 23:18:54: run with --install /usr/bin/rst2s5 rst2s5 /usr/share/docutils/scripts/python2/rst2s5 30
update-alternatives 2017-08-02 23:18:54: link group rst2s5 updated to point to /usr/share/docutils/scripts/python2/rst2s5
update-alternatives 2017-08-02 23:18:54: run with --install /usr/bin/rst2xetex rst2xetex /usr/share/docutils/scripts/python2/rst2xetex 30
update-alternatives 2017-08-02 23:18:54: link group rst2xetex updated to point to /usr/share/docutils/scripts/python2/rst2xetex
update-alternatives 2017-08-02 23:18:54: run with --install /usr/bin/rst2xml rst2xml /usr/share/docutils/scripts/python2/rst2xml 30
update-alternatives 2017-08-02 23:18:54: link group rst2xml updated to point to /usr/share/docutils/scripts/python2/rst2xml
update-alternatives 2017-08-02 23:18:54: run with --install /usr/bin/rstpep2html rstpep2html /usr/share/docutils/scripts/python2/rstpep2html 30
update-alternatives 2017-08-02 23:18:54: link group rstpep2html updated to point to /usr/share/docutils/scripts/python2/rstpep2html
update-alternatives 2017-08-02 23:18:54: run with --install /usr/bin/oslo-config-generator oslo-config-generator /usr/bin/python2-oslo-config-generator 300
update-alternatives 2017-08-02 23:18:54: link group oslo-config-generator updated to point to /usr/bin/python2-oslo-config-generator
update-alternatives 2017-08-02 23:18:54: run with --install /usr/bin/neutron neutron /usr/bin/python2-neutron 300
update-alternatives 2017-08-02 23:18:54: link group neutron updated to point to /usr/bin/python2-neutron
update-alternatives 2017-08-02 23:18:55: run with --install /usr/bin/openstack openstack /usr/bin/python2-openstack 300
update-alternatives 2017-08-02 23:18:55: link group openstack updated to point to /usr/bin/python2-openstack
update-alternatives 2018-09-17 22:15:02: run with --install /usr/lib/x86_64-linux-gnu/libtxc_dxtn.so libtxc-dxtn-x86_64-linux-gnu /usr/lib/x86_64-linux-gnu/libtxc_dxtn_s2tc.so.0 10
update-alternatives 2018-09-17 22:15:02: link group libtxc-dxtn-x86_64-linux-gnu updated to point to /usr/lib/x86_64-linux-gnu/libtxc_dxtn_s2tc.so.0
update-alternatives 2018-09-17 22:15:09: run with --force --install /etc/ld.so.conf.d/x86_64-linux-gnu_EGL.conf x86_64-linux-gnu_egl_conf /usr/lib/x86_64-linux-gnu/mesa-egl/ld.so.conf 500
update-alternatives 2018-09-17 22:15:09: link group x86_64-linux-gnu_egl_conf updated to point to /usr/lib/x86_64-linux-gnu/mesa-egl/ld.so.conf
update-alternatives 2018-09-17 22:15:10: run with --quiet --install /lib/cpp cpp /usr/bin/cpp 10
update-alternatives 2018-09-17 22:15:10: link group cpp updated to point to /usr/bin/cpp
update-alternatives 2018-09-17 22:15:12: run with --quiet --install /usr/bin/cc cc /usr/bin/gcc 20 --slave /usr/share/man/man1/cc.1.gz cc.1.gz /usr/share/man/man1/gcc.1.gz
update-alternatives 2018-09-17 22:15:12: link group cc updated to point to /usr/bin/gcc
update-alternatives 2018-09-17 22:15:12: run with --quiet --install /usr/bin/c89 c89 /usr/bin/c89-gcc 20 --slave /usr/share/man/man1/c89.1.gz c89.1.gz /usr/share/man/man1/c89-gcc.1.gz
update-alternatives 2018-09-17 22:15:12: link group c89 updated to point to /usr/bin/c89-gcc
update-alternatives 2018-09-17 22:15:12: run with --quiet --install /usr/bin/c99 c99 /usr/bin/c99-gcc 20 --slave /usr/share/man/man1/c99.1.gz c99.1.gz /usr/share/man/man1/c99-gcc.1.gz
update-alternatives 2018-09-17 22:15:12: link group c99 updated to point to /usr/bin/c99-gcc
update-alternatives 2018-09-17 22:15:12: run with --install /usr/bin/c++ c++ /usr/bin/g++ 20 --slave /usr/share/man/man1/c++.1.gz c++.1.gz /usr/share/man/man1/g++.1.gz
update-alternatives 2018-09-17 22:15:12: link group c++ updated to point to /usr/bin/g++
update-alternatives 2018-09-17 22:15:15: run with --install /usr/bin/fakeroot fakeroot /usr/bin/fakeroot-sysv 50 --slave /usr/share/man/man1/fakeroot.1.gz fakeroot.1.gz /usr/share/man/man1/fakeroot-sysv.1.gz --slave /usr/share/man/man1/faked.1.gz faked.1.gz /usr/share/man/man1/faked-sysv.1.gz --slave /usr/share/man/es/man1/fakeroot.1.gz fakeroot.es.1.gz /usr/share/man/es/man1/fakeroot-sysv.1.gz --slave /usr/share/man/es/man1/faked.1.gz faked.es.1.gz /usr/share/man/es/man1/faked-sysv.1.gz --slave /usr/share/man/fr/man1/fakeroot.1.gz fakeroot.fr.1.gz /usr/share/man/fr/man1/fakeroot-sysv.1.gz --slave /usr/share/man/fr/man1/faked.1.gz faked.fr.1.gz /usr/share/man/fr/man1/faked-sysv.1.gz --slave /usr/share/man/sv/man1/fakeroot.1.gz fakeroot.sv.1.gz /usr/share/man/sv/man1/fakeroot-sysv.1.gz --slave /usr/share/man/sv/man1/faked.1.gz faked.sv.1.gz /usr/share/man/sv/man1/faked-sysv.1.gz
update-alternatives 2018-09-17 22:15:15: link group fakeroot updated to point to /usr/bin/fakeroot-sysv
update-alternatives 2018-09-17 22:15:15: run with --install /usr/bin/fakeroot fakeroot /usr/bin/fakeroot-tcp 30 --slave /usr/share/man/man1/fakeroot.1.gz fakeroot.1.gz /usr/share/man/man1/fakeroot-tcp.1.gz --slave /usr/share/man/man1/faked.1.gz faked.1.gz /usr/share/man/man1/faked-tcp.1.gz --slave /usr/share/man/es/man1/fakeroot.1.gz fakeroot.es.1.gz /usr/share/man/es/man1/fakeroot-tcp.1.gz --slave /usr/share/man/es/man1/faked.1.gz faked.es.1.gz /usr/share/man/es/man1/faked-tcp.1.gz --slave /usr/share/man/fr/man1/fakeroot.1.gz fakeroot.fr.1.gz /usr/share/man/fr/man1/fakeroot-tcp.1.gz --slave /usr/share/man/fr/man1/faked.1.gz faked.fr.1.gz /usr/share/man/fr/man1/faked-tcp.1.gz --slave /usr/share/man/sv/man1/fakeroot.1.gz fakeroot.sv.1.gz /usr/share/man/sv/man1/fakeroot-tcp.1.gz --slave /usr/share/man/sv/man1/faked.1.gz faked.sv.1.gz /usr/share/man/sv/man1/faked-tcp.1.gz
update-alternatives 2018-09-17 22:15:17: run with --force --install /etc/ld.so.conf.d/x86_64-linux-gnu_GL.conf x86_64-linux-gnu_gl_conf /usr/lib/x86_64-linux-gnu/mesa/ld.so.conf 500 --slave /usr/lib/x86_64-linux-gnu/xorg/extra-modules x86_64-linux-gnu_xorg_extra_modules /usr/lib/x86_64-linux-gnu/xorg/x11-extra-modules
update-alternatives 2018-09-17 22:15:17: link group x86_64-linux-gnu_gl_conf updated to point to /usr/lib/x86_64-linux-gnu/mesa/ld.so.conf
update-alternatives 2018-09-17 22:15:23: run with --install /usr/bin/x-terminal-emulator x-terminal-emulator /usr/bin/xterm 20 --slave /usr/share/man/man1/x-terminal-emulator.1.gz x-terminal-emulator.1.gz /usr/share/man/man1/xterm.1.gz
update-alternatives 2018-09-17 22:15:23: link group x-terminal-emulator updated to point to /usr/bin/xterm
update-alternatives 2018-09-17 22:15:23: run with --install /usr/bin/x-terminal-emulator x-terminal-emulator /usr/bin/uxterm 20 --slave /usr/share/man/man1/x-terminal-emulator.1.gz x-terminal-emulator.1.gz /usr/share/man/man1/uxterm.1.gz
update-alternatives 2018-09-17 22:15:23: run with --install /usr/bin/x-terminal-emulator x-terminal-emulator /usr/bin/koi8rxterm 20 --slave /usr/share/man/man1/x-terminal-emulator.1.gz x-terminal-emulator.1.gz /usr/share/man/man1/koi8rxterm.1.gz
update-alternatives 2018-09-17 22:15:23: run with --install /usr/bin/x-terminal-emulator x-terminal-emulator /usr/bin/lxterm 30 --slave /usr/share/man/man1/x-terminal-emulator.1.gz x-terminal-emulator.1.gz /usr/share/man/man1/lxterm.1.gz
update-alternatives 2018-09-17 22:15:23: link group x-terminal-emulator updated to point to /usr/bin/lxterm
update-alternatives 2018-09-17 22:15:23: run with --install /usr/share/icons/default/index.theme x-cursor-theme /usr/share/icons/Adwaita/cursor.theme 90
update-alternatives 2018-09-17 22:15:23: link group x-cursor-theme updated to point to /usr/share/icons/Adwaita/cursor.theme
update-alternatives 2018-09-17 22:15:58: run with --install /usr/bin/pager pager /bin/more 50 --slave /usr/share/man/man1/pager.1.gz pager.1.gz /usr/share/man/man1/more.1.gz
update-alternatives 2018-09-17 22:15:58: run with --install /usr/bin/pager pager /usr/bin/pg 10 --slave /usr/share/man/man1/pager.1.gz pager.1.gz /usr/share/man/man1/pg.1.gz
update-alternatives 2018-09-17 22:18:42: run with --install /usr/bin/rename rename /usr/bin/prename 60 --slave /usr/share/man/man1/rename.1.gz rename.1.gz /usr/share/man/man1/prename.1.gz
update-alternatives 2018-09-17 22:19:03: run with --install /usr/bin/w w /usr/bin/w.procps 50 --slave /usr/share/man/man1/w.1.gz w.1.gz /usr/share/man/man1/w.procps.1.gz
update-alternatives 2018-09-17 22:19:13: run with --quiet --remove rlogin /usr/bin/ssh
update-alternatives 2018-09-17 22:19:13: run with --quiet --remove rcp /usr/bin/ssh
update-alternatives 2018-09-17 22:19:17: run with --install /etc/vtrgb vtrgb /etc/console-setup/vtrgb 50
update-alternatives 2018-09-17 22:19:17: run with --install /etc/vtrgb vtrgb /etc/console-setup/vtrgb.vga 20
update-alternatives 2018-09-17 22:19:33: run with --install /usr/bin/pybabel pybabel /usr/bin/pybabel-python2 300
update-alternatives 2018-09-17 22:19:34: run with --install /usr/bin/neutron neutron /usr/bin/python2-neutron 300
update-alternatives 2018-09-17 22:22:26: run with --install /usr/bin/alembic alembic /usr/bin/python2-alembic 300
update-alternatives 2018-09-17 22:22:26: link group alembic updated to point to /usr/bin/python2-alembic
update-alternatives 2018-09-17 22:22:31: run with --install /usr/bin/oslopolicy-sample-generator oslopolicy-sample-generator /usr/bin/python2-oslopolicy-sample-generator 300
update-alternatives 2018-09-17 22:22:31: link group oslopolicy-sample-generator updated to point to /usr/bin/python2-oslopolicy-sample-generator
update-alternatives 2018-09-17 22:22:31: run with --install /usr/bin/oslopolicy-checker oslopolicy-checker /usr/bin/python2-oslopolicy-checker 300
update-alternatives 2018-09-17 22:22:31: link group oslopolicy-checker updated to point to /usr/bin/python2-oslopolicy-checker
update-alternatives 2018-09-17 22:22:31: run with --install /usr/bin/oslopolicy-policy-generator oslopolicy-policy-generator /usr/bin/python2-oslopolicy-policy-generator 300
update-alternatives 2018-09-17 22:22:31: link group oslopolicy-policy-generator updated to point to /usr/bin/python2-oslopolicy-policy-generator
update-alternatives 2018-09-17 22:22:31: run with --install /usr/bin/oslopolicy-list-redundant oslopolicy-list-redundant /usr/bin/python2-oslopolicy-list-redundant 300
update-alternatives 2018-09-17 22:22:31: link group oslopolicy-list-redundant updated to point to /usr/bin/python2-oslopolicy-list-redundant
update-alternatives 2018-09-17 22:22:33: run with --install /usr/bin/unit2 unit2 /usr/bin/python2-unit2 300
update-alternatives 2018-09-17 22:22:33: link group unit2 updated to point to /usr/bin/python2-unit2
update-alternatives 2018-09-17 22:22:35: run with --install /usr/bin/lockutils-wrapper lockutils-wrapper /usr/bin/python2-lockutils-wrapper 300
update-alternatives 2018-09-17 22:22:35: link group lockutils-wrapper updated to point to /usr/bin/python2-lockutils-wrapper
update-alternatives 2018-09-17 22:22:36: run with --install /usr/bin/oslo-messaging-zmq-broker oslo-messaging-zmq-broker /usr/bin/python2-oslo-messaging-zmq-broker 300
update-alternatives 2018-09-17 22:22:36: link group oslo-messaging-zmq-broker updated to point to /usr/bin/python2-oslo-messaging-zmq-broker
update-alternatives 2018-09-17 22:22:36: run with --install /usr/bin/oslo-messaging-zmq-proxy oslo-messaging-zmq-proxy /usr/bin/python2-oslo-messaging-zmq-proxy 300
update-alternatives 2018-09-17 22:22:36: link group oslo-messaging-zmq-proxy updated to point to /usr/bin/python2-oslo-messaging-zmq-proxy
update-alternatives 2018-09-17 22:22:38: run with --install /usr/bin/migrate migrate /usr/bin/python2-migrate 300
update-alternatives 2018-09-17 22:22:38: link group migrate updated to point to /usr/bin/python2-migrate
update-alternatives 2018-09-17 22:22:38: run with --install /usr/bin/migrate-repository migrate-repository /usr/bin/python2-migrate-repository 300
update-alternatives 2018-09-17 22:22:38: link group migrate-repository updated to point to /usr/bin/python2-migrate-repository
update-alternatives 2018-09-17 22:22:38: run with --install /usr/bin/privsep-helper privsep-helper /usr/bin/python2-privsep-helper 300
update-alternatives 2018-09-17 22:22:38: link group privsep-helper updated to point to /usr/bin/python2-privsep-helper
update-alternatives 2018-09-17 22:22:39: run with --install /usr/bin/oslo-rootwrap oslo-rootwrap /usr/bin/python2-oslo-rootwrap 300
update-alternatives 2018-09-17 22:22:39: link group oslo-rootwrap updated to point to /usr/bin/python2-oslo-rootwrap
update-alternatives 2018-09-17 22:22:39: run with --install /usr/bin/oslo-rootwrap-daemon oslo-rootwrap-daemon /usr/bin/python2-oslo-rootwrap-daemon 300
update-alternatives 2018-09-17 22:22:39: link group oslo-rootwrap-daemon updated to point to /usr/bin/python2-oslo-rootwrap-daemon
update-alternatives 2018-09-17 22:22:40: run with --install /usr/bin/ceilometer ceilometer /usr/bin/python2-ceilometer 300
update-alternatives 2018-09-17 22:22:40: link group ceilometer updated to point to /usr/bin/python2-ceilometer
update-alternatives 2018-09-17 22:22:40: run with --install /usr/bin/osprofiler osprofiler /usr/bin/python2-osprofiler 300
update-alternatives 2018-09-17 22:22:40: link group osprofiler updated to point to /usr/bin/python2-osprofiler
update-alternatives 2018-09-17 22:22:41: run with --install /usr/bin/make_metadata make_metadata /usr/bin/python2-make_metadata 300
update-alternatives 2018-09-17 22:22:41: link group make_metadata updated to point to /usr/bin/python2-make_metadata
update-alternatives 2018-09-17 22:22:41: run with --install /usr/bin/mdexport mdexport /usr/bin/python2-mdexport 300
update-alternatives 2018-09-17 22:22:41: link group mdexport updated to point to /usr/bin/python2-mdexport
update-alternatives 2018-09-17 22:22:41: run with --install /usr/bin/parse_xsd2 parse_xsd2 /usr/bin/python2-parse_xsd2 300
update-alternatives 2018-09-17 22:22:41: link group parse_xsd2 updated to point to /usr/bin/python2-parse_xsd2
update-alternatives 2018-09-17 22:22:41: run with --install /usr/bin/merge_metadata merge_metadata /usr/bin/python2-merge_metadata 300
update-alternatives 2018-09-17 22:22:41: link group merge_metadata updated to point to /usr/bin/python2-merge_metadata
update-alternatives 2018-09-17 22:24:20: run with --install /usr/bin/designate designate /usr/bin/python2-designate 300
update-alternatives 2018-09-17 22:24:20: link group designate updated to point to /usr/bin/python2-designate
update-alternatives 2018-09-17 22:24:22: run with --install /usr/bin/waitress-serve waitress-serve /usr/bin/waitress-serve-python2 200
update-alternatives 2018-09-17 22:24:22: link group waitress-serve updated to point to /usr/bin/waitress-serve-python2
update-alternatives 2018-09-17 22:24:22: run with --install /usr/bin/gunicorn_pecan gunicorn_pecan /usr/bin/gunicorn_pecan-python2 300
update-alternatives 2018-09-17 22:24:22: link group gunicorn_pecan updated to point to /usr/bin/gunicorn_pecan-python2
update-alternatives 2018-09-17 22:24:22: run with --install /usr/bin/pecan pecan /usr/bin/pecan-python2 300
update-alternatives 2018-09-17 22:24:22: link group pecan updated to point to /usr/bin/pecan-python2
update-alternatives 2018-09-17 22:24:22: run with --install /usr/bin/ryu ryu /usr/bin/python2-ryu 300
update-alternatives 2018-09-17 22:24:22: link group ryu updated to point to /usr/bin/python2-ryu
update-alternatives 2018-09-17 22:24:22: run with --install /usr/bin/ryu-manager ryu-manager /usr/bin/python2-ryu-manager 300
update-alternatives 2018-09-17 22:24:22: link group ryu-manager updated to point to /usr/bin/python2-ryu-manager
update-alternatives 2018-09-17 22:24:26: run with --install /usr/sbin/ovs-vswitchd ovs-vswitchd /usr/lib/openvswitch-switch/ovs-vswitchd 100
update-alternatives 2018-09-17 22:24:26: link group ovs-vswitchd updated to point to /usr/lib/openvswitch-switch/ovs-vswitchd
